  Game.cpp
C:\Users\User\Desktop\SnakeGame\SnakeGame\MainMenu.h(4,10): warning C4067: unexpected tokens following preprocessor directive - expected a newline
C:\Users\User\Desktop\SnakeGame\SnakeGame\Game.cpp(76,32): warning C4244: 'argument': conversion from 'const int' to 'T', possible loss of data
          with
          [
              T=float
          ]
C:\Users\User\Desktop\SnakeGame\SnakeGame\Game.cpp(76,24): warning C4244: 'argument': conversion from 'const int' to 'T', possible loss of data
          with
          [
              T=float
          ]
C:\Users\User\Desktop\SnakeGame\SnakeGame\Game.cpp(86,15): warning C4244: '=': conversion from 'int' to 'float', possible loss of data
C:\Users\User\Desktop\SnakeGame\SnakeGame\Game.cpp(87,34): warning C4244: '=': conversion from 'int' to 'float', possible loss of data
  Generating code
  1 of 311 functions ( 0.3%) were compiled, the rest were copied from previous compilation.
    0 functions were new in current compilation
    1 functions had inline decision re-evaluated but remain unchanged
  Finished generating code
  SnakeGame.vcxproj -> C:\Users\User\Desktop\SnakeGame\x64\Release\SnakeGame.exe
